<?xml version="1.0" encoding="UTF-8"?>
<testsuite xmlns:xsi="http://www.w3.org/2001/XMLSchema-instance" xsi:noNamespaceSchemaLocation="https://maven.apache.org/surefire/maven-surefire-plugin/xsd/surefire-test-report-3.0.xsd" version="3.0" name="shortestpath.ShortestPathsTest" time="2.308" tests="15" errors="0" skipped="0" failures="0">
  <properties>
    <property name="java.specification.version" value="21"/>
    <property name="sun.jnu.encoding" value="UTF-8"/>
    <property name="java.class.path" value="/home/moamen/Programming/Java_projects/Shortest_Paths/Build/test-classes:/home/moamen/Programming/Java_projects/Shortest_Paths/Build/classes:/home/moamen/.m2/repository/org/apache/logging/log4j/log4j-core/2.24.3/log4j-core-2.24.3.jar:/home/moamen/.m2/repository/org/apache/logging/log4j/log4j-api/2.24.3/log4j-api-2.24.3.jar:/home/moamen/.m2/repository/commons-io/commons-io/2.18.0/commons-io-2.18.0.jar:/home/moamen/.m2/repository/org/apache/commons/commons-collections4/4.4/commons-collections4-4.4.jar:/home/moamen/.m2/repository/org/apache/poi/poi/5.2.3/poi-5.2.3.jar:/home/moamen/.m2/repository/commons-codec/commons-codec/1.15/commons-codec-1.15.jar:/home/moamen/.m2/repository/org/apache/commons/commons-math3/3.6.1/commons-math3-3.6.1.jar:/home/moamen/.m2/repository/com/zaxxer/SparseBitSet/1.2/SparseBitSet-1.2.jar:/home/moamen/.m2/repository/org/apache/poi/poi-ooxml/5.2.3/poi-ooxml-5.2.3.jar:/home/moamen/.m2/repository/org/apache/poi/poi-ooxml-lite/5.2.3/poi-ooxml-lite-5.2.3.jar:/home/moamen/.m2/repository/org/apache/xmlbeans/xmlbeans/5.1.1/xmlbeans-5.1.1.jar:/home/moamen/.m2/repository/org/apache/commons/commons-compress/1.21/commons-compress-1.21.jar:/home/moamen/.m2/repository/com/github/virtuald/curvesapi/1.07/curvesapi-1.07.jar:/home/moamen/.m2/repository/junit/junit/4.13.2/junit-4.13.2.jar:/home/moamen/.m2/repository/org/hamcrest/hamcrest-core/1.3/hamcrest-core-1.3.jar:"/>
    <property name="java.vm.vendor" value="Ubuntu"/>
    <property name="sun.arch.data.model" value="64"/>
    <property name="java.vendor.url" value="https://ubuntu.com/"/>
    <property name="os.name" value="Linux"/>
    <property name="java.vm.specification.version" value="21"/>
    <property name="sun.java.launcher" value="SUN_STANDARD"/>
    <property name="user.country" value="US"/>
    <property name="sun.boot.library.path" value="/usr/lib/jvm/java-21-openjdk-amd64/lib"/>
    <property name="sun.java.command" value="/home/moamen/Programming/Java_projects/Shortest_Paths/Build/surefire/surefirebooter-20250419221620099_3.jar /home/moamen/Programming/Java_projects/Shortest_Paths/Build/surefire 2025-04-19T22-16-20_039-jvmRun1 surefire-20250419221620099_1tmp surefire_0-20250419221620099_2tmp"/>
    <property name="jdk.debug" value="release"/>
    <property name="surefire.test.class.path" value="/home/moamen/Programming/Java_projects/Shortest_Paths/Build/test-classes:/home/moamen/Programming/Java_projects/Shortest_Paths/Build/classes:/home/moamen/.m2/repository/org/apache/logging/log4j/log4j-core/2.24.3/log4j-core-2.24.3.jar:/home/moamen/.m2/repository/org/apache/logging/log4j/log4j-api/2.24.3/log4j-api-2.24.3.jar:/home/moamen/.m2/repository/commons-io/commons-io/2.18.0/commons-io-2.18.0.jar:/home/moamen/.m2/repository/org/apache/commons/commons-collections4/4.4/commons-collections4-4.4.jar:/home/moamen/.m2/repository/org/apache/poi/poi/5.2.3/poi-5.2.3.jar:/home/moamen/.m2/repository/commons-codec/commons-codec/1.15/commons-codec-1.15.jar:/home/moamen/.m2/repository/org/apache/commons/commons-math3/3.6.1/commons-math3-3.6.1.jar:/home/moamen/.m2/repository/com/zaxxer/SparseBitSet/1.2/SparseBitSet-1.2.jar:/home/moamen/.m2/repository/org/apache/poi/poi-ooxml/5.2.3/poi-ooxml-5.2.3.jar:/home/moamen/.m2/repository/org/apache/poi/poi-ooxml-lite/5.2.3/poi-ooxml-lite-5.2.3.jar:/home/moamen/.m2/repository/org/apache/xmlbeans/xmlbeans/5.1.1/xmlbeans-5.1.1.jar:/home/moamen/.m2/repository/org/apache/commons/commons-compress/1.21/commons-compress-1.21.jar:/home/moamen/.m2/repository/com/github/virtuald/curvesapi/1.07/curvesapi-1.07.jar:/home/moamen/.m2/repository/junit/junit/4.13.2/junit-4.13.2.jar:/home/moamen/.m2/repository/org/hamcrest/hamcrest-core/1.3/hamcrest-core-1.3.jar:"/>
    <property name="sun.cpu.endian" value="little"/>
    <property name="user.home" value="/home/moamen"/>
    <property name="user.language" value="en"/>
    <property name="java.specification.vendor" value="Oracle Corporation"/>
    <property name="java.version.date" value="2025-01-21"/>
    <property name="java.home" value="/usr/lib/jvm/java-21-openjdk-amd64"/>
    <property name="file.separator" value="/"/>
    <property name="basedir" value="/home/moamen/Programming/Java_projects/Shortest_Paths"/>
    <property name="java.vm.compressedOopsMode" value="Zero based"/>
    <property name="line.separator" value="&#10;"/>
    <property name="java.specification.name" value="Java Platform API Specification"/>
    <property name="java.vm.specification.vendor" value="Oracle Corporation"/>
    <property name="surefire.real.class.path" value="/home/moamen/Programming/Java_projects/Shortest_Paths/Build/surefire/surefirebooter-20250419221620099_3.jar"/>
    <property name="sun.management.compiler" value="HotSpot 64-Bit Tiered Compilers"/>
    <property name="java.runtime.version" value="21.0.6+7-Ubuntu-124.04.1"/>
    <property name="user.name" value="moamen"/>
    <property name="stdout.encoding" value="UTF-8"/>
    <property name="path.separator" value=":"/>
    <property name="os.version" value="6.11.0-24-generic"/>
    <property name="java.runtime.name" value="OpenJDK Runtime Environment"/>
    <property name="file.encoding" value="UTF-8"/>
    <property name="java.vm.name" value="OpenJDK 64-Bit Server VM"/>
    <property name="localRepository" value="/home/moamen/.m2/repository"/>
    <property name="java.vendor.url.bug" value="https://bugs.launchpad.net/ubuntu/+source/openjdk-21"/>
    <property name="java.io.tmpdir" value="/tmp"/>
    <property name="java.version" value="21.0.6"/>
    <property name="user.dir" value="/home/moamen/Programming/Java_projects/Shortest_Paths"/>
    <property name="os.arch" value="amd64"/>
    <property name="java.vm.specification.name" value="Java Virtual Machine Specification"/>
    <property name="native.encoding" value="UTF-8"/>
    <property name="java.library.path" value="/usr/java/packages/lib:/usr/lib/x86_64-linux-gnu/jni:/lib/x86_64-linux-gnu:/usr/lib/x86_64-linux-gnu:/usr/lib/jni:/lib:/usr/lib"/>
    <property name="java.vm.info" value="mixed mode, sharing"/>
    <property name="stderr.encoding" value="UTF-8"/>
    <property name="java.vendor" value="Ubuntu"/>
    <property name="java.vm.version" value="21.0.6+7-Ubuntu-124.04.1"/>
    <property name="sun.io.unicode.encoding" value="UnicodeLittle"/>
    <property name="java.class.version" value="65.0"/>
  </properties>
  <testcase name="testShortestPathBetweenTwoNodesInALargeGraphWithNegativeWeights" classname="shortestpath.ShortestPathsTest" time="0.02">
    <system-err><![CDATA[testShortestPathBetweenTwoNodesInALargeGraphWithNegativeWeights
Dijkstra time: 1.289631ms
Bellman-Ford time: 0.06679ms
Floyd-Warshall time: 0.486676ms
--------------------------------------------------------------
]]></system-err>
  </testcase>
  <testcase name="testShortestPathBetweenTwoNodesInAGraphWithNegativeWeights" classname="shortestpath.ShortestPathsTest" time="0.0">
    <system-err><![CDATA[testShortestPathBetweenTwoNodesInAGraphWithNegativeWeights
Dijkstra time: 0.022417ms
Bellman-Ford time: 0.007943ms
Floyd-Warshall time: 0.009029ms
--------------------------------------------------------------
]]></system-err>
  </testcase>
  <testcase name="testShortestPathBetweenTwoNodesInABinaryTree" classname="shortestpath.ShortestPathsTest" time="0.001">
    <system-err><![CDATA[testShortestPathBetweenTwoNodesInABinaryTree
Dijkstra time: 0.023013ms
Bellman-Ford time: 0.009117ms
Floyd-Warshall time: 0.018165ms
--------------------------------------------------------------
]]></system-err>
  </testcase>
  <testcase name="testShortestPathBetweenAllPairsOfNodesInASmallGraph" classname="shortestpath.ShortestPathsTest" time="0.0">
    <system-err><![CDATA[testShortestPathBetweenAllPairsOfNodesInASmallGraph
Dijkstra time: 0.023369ms
Bellman-Ford time: 0.018542ms
Floyd-Warshall time: 0.010745ms
--------------------------------------------------------------
]]></system-err>
  </testcase>
  <testcase name="testShortestPathBetweenAllPairsOfNodesInAGraphWithNegativeCycle" classname="shortestpath.ShortestPathsTest" time="0.002">
    <system-err><![CDATA[testShortestPathBetweenAllPairsOfNodesInAGraphWithNegativeCycle
Bellman-Ford time: 0.013039ms
Floyd-Warshall time: 0.010577ms
--------------------------------------------------------------
]]></system-err>
  </testcase>
  <testcase name="testShortestPathBetweenAllPairsInAMassiveBinaryTree" classname="shortestpath.ShortestPathsTest" time="2.24">
    <system-err><![CDATA[testShortestPathBetweenAllPairsInAMassiveBinaryTree
Dijkstra time: 41.767489ms
Bellman-Ford time: 747.671233ms
Floyd-Warshall time: 1426.994815ms
--------------------------------------------------------------
]]></system-err>
  </testcase>
  <testcase name="testShortestPathBetweenAllPairsOfNodesInALargeGraph" classname="shortestpath.ShortestPathsTest" time="0.001">
    <system-err><![CDATA[testShortestPathBetweenAllPairsOfNodesInALargeGraph
Dijkstra time: 0.036685ms
Bellman-Ford time: 0.036032ms
Floyd-Warshall time: 0.12651ms
--------------------------------------------------------------
]]></system-err>
  </testcase>
  <testcase name="testShortestPathBetweenTwoNodesInASmallGraph" classname="shortestpath.ShortestPathsTest" time="0.002">
    <system-err><![CDATA[testShortestPathBetweenTwoNodesInASmallGraph
Dijkstra time: 0.126979ms
Bellman-Ford time: 0.003084ms
Floyd-Warshall time: 0.004288ms
--------------------------------------------------------------
]]></system-err>
  </testcase>
  <testcase name="testShortestPathBetweenAllPairsOfNodesInAGraphWithNegativeWeights" classname="shortestpath.ShortestPathsTest" time="0.002">
    <system-err><![CDATA[testShortestPathBetweenAllPairsOfNodesInAGraphWithNegativeWeights
Dijkstra time: 0.039946ms
Bellman-Ford time: 0.003958ms
Floyd-Warshall time: 0.004075ms
--------------------------------------------------------------
]]></system-err>
  </testcase>
  <testcase name="testShortestPathBetweenAllPairsOfNodesInABinaryTreeWithNegativeWeights" classname="shortestpath.ShortestPathsTest" time="0.001">
    <system-err><![CDATA[testShortestPathBetweenAllPairsOfNodesInABinaryTreeWithNegativeWeights
Dijkstra time: 0.048248ms
Bellman-Ford time: 0.005589ms
Floyd-Warshall time: 0.006373ms
--------------------------------------------------------------
]]></system-err>
  </testcase>
  <testcase name="testShortestPathBetweenAllPairsOfNodesInABinaryTree" classname="shortestpath.ShortestPathsTest" time="0.001">
    <system-err><![CDATA[testShortestPathBetweenAllPairsOfNodesInABinaryTree
Dijkstra time: 0.036487ms
Bellman-Ford time: 0.003821ms
Floyd-Warshall time: 0.00393ms
--------------------------------------------------------------
]]></system-err>
  </testcase>
  <testcase name="testShortestPathBetweenTwoNodesInALargeGraph" classname="shortestpath.ShortestPathsTest" time="0.002">
    <system-err><![CDATA[testShortestPathBetweenTwoNodesInALargeGraph
Dijkstra time: 0.046611ms
Bellman-Ford time: 0.002881ms
Floyd-Warshall time: 0.072716ms
--------------------------------------------------------------
]]></system-err>
  </testcase>
  <testcase name="testShortestPathBetweenAllPairsOfNodesInALargeGraphWithNegativeWeights" classname="shortestpath.ShortestPathsTest" time="0.001">
    <system-err><![CDATA[testShortestPathBetweenAllPairsOfNodesInALargeGraphWithNegativeWeights
Dijkstra time: 0.125846ms
Bellman-Ford time: 0.023579ms
Floyd-Warshall time: 0.092026ms
--------------------------------------------------------------
]]></system-err>
  </testcase>
  <testcase name="testShortestPathBetweenTwoNodesInAGraphWithNegativeCycle" classname="shortestpath.ShortestPathsTest" time="0.003">
    <system-err><![CDATA[testShortestPathBetweenTwoNodesInAGraphWithNegativeCycle
Bellman-Ford time: 0.020176ms
Floyd-Warshall time: 0.003962ms
--------------------------------------------------------------
]]></system-err>
  </testcase>
  <testcase name="testShortestPathBetweenTwoNodesInABinaryTreeWithNegativeWeights" classname="shortestpath.ShortestPathsTest" time="0.001">
    <system-err><![CDATA[testShortestPathBetweenTwoNodesInABinaryTreeWithNegativeWeights
Dijkstra time: 0.025892ms
Bellman-Ford time: 0.007499ms
Floyd-Warshall time: 0.005639ms
--------------------------------------------------------------
]]></system-err>
  </testcase>
</testsuite>